<?xml version="1.0" encoding="UTF-8"?>
<testng-results skipped="0" failed="1" ignored="0" total="11" passed="10">
  <reporter-output>
  </reporter-output>
  <suite name="Suite" duration-ms="300836" started-at="2020-04-21T18:47:49 BST" finished-at="2020-04-21T18:52:50 BST">
    <groups>
      <group name="cucumber">
        <method signature="AbstractTestNGCucumberTests.runScenario(io.cucumber.testng.PickleWrapper, io.cucumber.testng.FeatureWrapper)[pri:0, instance:testRunnerFile.TestRunner@484970b0]" name="runScenario" class="io.cucumber.testng.AbstractTestNGCucumberTests"/>
      </group> <!-- cucumber -->
    </groups>
    <test name="Test1" duration-ms="55340" started-at="2020-04-21T18:47:49 BST" finished-at="2020-04-21T18:48:44 BST">
      <class name="frameWork_8.EndToEndF_New.TestHomeWithLog4j">
        <test-method status="PASS" signature="baseFileBrowserAccess()[pri:0, instance:frameWork_8.EndToEndF_New.TestHomeWithLog4j@4961f6af]" name="baseFileBrowserAccess" is-config="true" duration-ms="8799" started-at="2020-04-21T18:47:49 BST" finished-at="2020-04-21T18:47:58 BST">
          <reporter-output>
          </reporter-output>
        </test-method> <!-- baseFileBrowserAccess -->
        <test-method status="FAIL" signature="homeQaclickAccess()[pri:0, instance:frameWork_8.EndToEndF_New.TestHomeWithLog4j@4961f6af]" name="homeQaclickAccess" duration-ms="7989" started-at="2020-04-21T18:47:58 BST" finished-at="2020-04-21T18:48:06 BST">
          <exception class="java.lang.AssertionError">
            <message>
              <![CDATA[expected [FEATURED COURSE] but found [FEATURED COURSES]]]>
            </message>
            <full-stacktrace>
              <![CDATA[java.lang.AssertionError: expected [FEATURED COURSE] but found [FEATURED COURSES]
at org.testng.Assert.fail(Assert.java:97)
at org.testng.Assert.assertEqualsImpl(Assert.java:136)
at org.testng.Assert.assertEquals(Assert.java:118)
at org.testng.Assert.assertEquals(Assert.java:575)
at org.testng.Assert.assertEquals(Assert.java:585)
at frameWork_8.EndToEndF_New.TestHomeWithLog4j.homeQaclickAccess(TestHomeWithLog4j.java:98)
at sun.reflect.NativeMethodAccessorImpl.invoke0(Native Method)
at sun.reflect.NativeMethodAccessorImpl.invoke(NativeMethodAccessorImpl.java:62)
at sun.reflect.DelegatingMethodAccessorImpl.invoke(DelegatingMethodAccessorImpl.java:43)
at java.lang.reflect.Method.invoke(Method.java:498)
at org.testng.internal.MethodInvocationHelper.invokeMethod(MethodInvocationHelper.java:133)
at org.testng.internal.TestInvoker.invokeMethod(TestInvoker.java:584)
at org.testng.internal.TestInvoker.invokeTestMethod(TestInvoker.java:172)
at org.testng.internal.MethodRunner.runInSequence(MethodRunner.java:46)
at org.testng.internal.TestInvoker$MethodInvocationAgent.invoke(TestInvoker.java:804)
at org.testng.internal.TestInvoker.invokeTestMethods(TestInvoker.java:145)
at org.testng.internal.TestMethodWorker.invokeTestMethods(TestMethodWorker.java:146)
at org.testng.internal.TestMethodWorker.run(TestMethodWorker.java:128)
at java.util.ArrayList.forEach(ArrayList.java:1257)
at org.testng.TestRunner.privateRun(TestRunner.java:770)
at org.testng.TestRunner.run(TestRunner.java:591)
at org.testng.SuiteRunner.runTest(SuiteRunner.java:402)
at org.testng.SuiteRunner.runSequentially(SuiteRunner.java:396)
at org.testng.SuiteRunner.privateRun(SuiteRunner.java:355)
at org.testng.SuiteRunner.run(SuiteRunner.java:304)
at org.testng.SuiteRunnerWorker.runSuite(SuiteRunnerWorker.java:53)
at org.testng.SuiteRunnerWorker.run(SuiteRunnerWorker.java:96)
at org.testng.TestNG.runSuitesSequentially(TestNG.java:1180)
at org.testng.TestNG.runSuitesLocally(TestNG.java:1102)
at org.testng.TestNG.runSuites(TestNG.java:1032)
at org.testng.TestNG.run(TestNG.java:1000)
at org.testng.remote.AbstractRemoteTestNG.run(AbstractRemoteTestNG.java:115)
at org.testng.remote.RemoteTestNG.initAndRun(RemoteTestNG.java:251)
at org.testng.remote.RemoteTestNG.main(RemoteTestNG.java:77)
]]>
            </full-stacktrace>
          </exception> <!-- java.lang.AssertionError -->
          <reporter-output>
          </reporter-output>
        </test-method> <!-- homeQaclickAccess -->
        <test-method status="PASS" signature="homeQaclickAccess2()[pri:0, instance:frameWork_8.EndToEndF_New.TestHomeWithLog4j@4961f6af]" name="homeQaclickAccess2" duration-ms="5018" started-at="2020-04-21T18:48:07 BST" finished-at="2020-04-21T18:48:12 BST">
          <reporter-output>
          </reporter-output>
        </test-method> <!-- homeQaclickAccess2 -->
        <test-method status="PASS" signature="loginQaclickAccess()[pri:0, instance:frameWork_8.EndToEndF_New.TestHomeWithLog4j@4961f6af]" name="loginQaclickAccess" duration-ms="29191" started-at="2020-04-21T18:48:12 BST" finished-at="2020-04-21T18:48:41 BST">
          <reporter-output>
          </reporter-output>
        </test-method> <!-- loginQaclickAccess -->
        <test-method status="PASS" signature="validateSearchBox()[pri:0, instance:frameWork_8.EndToEndF_New.TestHomeWithLog4j@4961f6af]" name="validateSearchBox" duration-ms="1174" started-at="2020-04-21T18:48:41 BST" finished-at="2020-04-21T18:48:42 BST">
          <reporter-output>
          </reporter-output>
        </test-method> <!-- validateSearchBox -->
        <test-method status="PASS" signature="tearDown()[pri:0, instance:frameWork_8.EndToEndF_New.TestHomeWithLog4j@4961f6af]" name="tearDown" is-config="true" duration-ms="2329" started-at="2020-04-21T18:48:42 BST" finished-at="2020-04-21T18:48:44 BST">
          <reporter-output>
          </reporter-output>
        </test-method> <!-- tearDown -->
      </class> <!-- frameWork_8.EndToEndF_New.TestHomeWithLog4j -->
    </test> <!-- Test1 -->
    <test name="Test2" duration-ms="53407" started-at="2020-04-21T18:48:48 BST" finished-at="2020-04-21T18:49:41 BST">
      <class name="frameWork_8.EndToEndF_New.TestHomeQaclick">
        <test-method status="PASS" signature="baseFileBrowserAccess()[pri:0, instance:frameWork_8.EndToEndF_New.TestHomeQaclick@1dac5ef]" name="baseFileBrowserAccess" is-config="true" duration-ms="11636" started-at="2020-04-21T18:48:48 BST" finished-at="2020-04-21T18:48:59 BST">
          <reporter-output>
          </reporter-output>
        </test-method> <!-- baseFileBrowserAccess -->
        <test-method status="PASS" signature="homeQaclickAccess()[pri:0, instance:frameWork_8.EndToEndF_New.TestHomeQaclick@1dac5ef]" name="homeQaclickAccess" duration-ms="13394" started-at="2020-04-21T18:48:59 BST" finished-at="2020-04-21T18:49:13 BST">
          <reporter-output>
          </reporter-output>
        </test-method> <!-- homeQaclickAccess -->
        <test-method status="PASS" signature="loginQaclickAccess()[pri:0, instance:frameWork_8.EndToEndF_New.TestHomeQaclick@1dac5ef]" name="loginQaclickAccess" duration-ms="27828" started-at="2020-04-21T18:49:13 BST" finished-at="2020-04-21T18:49:40 BST">
          <reporter-output>
          </reporter-output>
        </test-method> <!-- loginQaclickAccess -->
        <test-method status="PASS" signature="tearDown()[pri:0, instance:frameWork_8.EndToEndF_New.TestHomeQaclick@1dac5ef]" name="tearDown" is-config="true" duration-ms="540" started-at="2020-04-21T18:49:40 BST" finished-at="2020-04-21T18:49:41 BST">
          <reporter-output>
          </reporter-output>
        </test-method> <!-- tearDown -->
      </class> <!-- frameWork_8.EndToEndF_New.TestHomeQaclick -->
    </test> <!-- Test2 -->
    <test name="Test3" duration-ms="90021" started-at="2020-04-21T18:49:41 BST" finished-at="2020-04-21T18:51:11 BST">
      <class name="testWithTestngData.TestHomeWithParameterizing">
        <test-method status="PASS" signature="loginQaclickAccess(java.lang.String, java.lang.String)[pri:0, instance:testWithTestngData.TestHomeWithParameterizing@762ef0ea]" name="loginQaclickAccess" duration-ms="45181" started-at="2020-04-21T18:49:41 BST" data-provider="getData" finished-at="2020-04-21T18:50:26 BST">
          <params>
            <param index="0">
              <value>
                <![CDATA[olushesi@yahoo.com]]>
              </value>
            </param>
            <param index="1">
              <value>
                <![CDATA[Rodmanraylex1]]>
              </value>
            </param>
          </params>
          <reporter-output>
          </reporter-output>
        </test-method> <!-- loginQaclickAccess -->
        <test-method status="PASS" signature="loginQaclickAccess(java.lang.String, java.lang.String)[pri:0, instance:testWithTestngData.TestHomeWithParameterizing@762ef0ea]" name="loginQaclickAccess" duration-ms="21428" started-at="2020-04-21T18:50:26 BST" data-provider="getData" finished-at="2020-04-21T18:50:48 BST">
          <params>
            <param index="0">
              <value>
                <![CDATA[secondusername]]>
              </value>
            </param>
            <param index="1">
              <value>
                <![CDATA[secondpassword]]>
              </value>
            </param>
          </params>
          <reporter-output>
          </reporter-output>
        </test-method> <!-- loginQaclickAccess -->
        <test-method status="PASS" signature="loginQaclickAccess(java.lang.String, java.lang.String)[pri:0, instance:testWithTestngData.TestHomeWithParameterizing@762ef0ea]" name="loginQaclickAccess" duration-ms="23401" started-at="2020-04-21T18:50:48 BST" data-provider="getData" finished-at="2020-04-21T18:51:11 BST">
          <params>
            <param index="0">
              <value>
                <![CDATA[thirdusername]]>
              </value>
            </param>
            <param index="1">
              <value>
                <![CDATA[thirdpassword]]>
              </value>
            </param>
          </params>
          <reporter-output>
          </reporter-output>
        </test-method> <!-- loginQaclickAccess -->
      </class> <!-- testWithTestngData.TestHomeWithParameterizing -->
    </test> <!-- Test3 -->
    <test name="Test4" duration-ms="98749" started-at="2020-04-21T18:51:11 BST" finished-at="2020-04-21T18:52:50 BST">
      <class name="testRunnerFile.TestRunner">
        <test-method status="PASS" signature="setUpClass()[pri:0, instance:testRunnerFile.TestRunner@484970b0]" name="setUpClass" is-config="true" duration-ms="713" started-at="2020-04-21T18:51:11 BST" finished-at="2020-04-21T18:51:12 BST">
          <reporter-output>
          </reporter-output>
        </test-method> <!-- setUpClass -->
        <test-method status="PASS" signature="runScenario(io.cucumber.testng.PickleWrapper, io.cucumber.testng.FeatureWrapper)[pri:0, instance:testRunnerFile.TestRunner@484970b0]" name="runScenario" duration-ms="48880" started-at="2020-04-21T18:51:12 BST" description="Runs Cucumber Scenarios" data-provider="scenarios" finished-at="2020-04-21T18:52:01 BST">
          <params>
            <param index="0">
              <value>
                <![CDATA["positive test validating login1"]]>
              </value>
            </param>
            <param index="1">
              <value>
                <![CDATA["Login into applicatrion"]]>
              </value>
            </param>
          </params>
          <reporter-output>
          </reporter-output>
        </test-method> <!-- runScenario -->
        <test-method status="PASS" signature="runScenario(io.cucumber.testng.PickleWrapper, io.cucumber.testng.FeatureWrapper)[pri:0, instance:testRunnerFile.TestRunner@484970b0]" name="runScenario" duration-ms="49148" started-at="2020-04-21T18:52:01 BST" description="Runs Cucumber Scenarios" data-provider="scenarios" finished-at="2020-04-21T18:52:50 BST">
          <params>
            <param index="0">
              <value>
                <![CDATA["positive test validating login1"]]>
              </value>
            </param>
            <param index="1">
              <value>
                <![CDATA["Login into applicatrion"]]>
              </value>
            </param>
          </params>
          <reporter-output>
          </reporter-output>
        </test-method> <!-- runScenario -->
        <test-method status="PASS" signature="tearDownClass()[pri:0, instance:testRunnerFile.TestRunner@484970b0]" name="tearDownClass" is-config="true" duration-ms="1" started-at="2020-04-21T18:52:50 BST" finished-at="2020-04-21T18:52:50 BST">
          <reporter-output>
          </reporter-output>
        </test-method> <!-- tearDownClass -->
      </class> <!-- testRunnerFile.TestRunner -->
    </test> <!-- Test4 -->
  </suite> <!-- Suite -->
</testng-results>
